#
# A fatal error has been detected by the Java Runtime Environment:
#
#  EXCEPTION_ACCESS_VIOLATION (0xc0000005) at pc=0x00000236aef012e7, pid=14784, tid=8200
#
# JRE version: OpenJDK Runtime Environment Corretto-11.0.22.7.1 (11.0.22+7) (build 11.0.22+7-LTS)
# Java VM: OpenJDK 64-Bit Server VM Corretto-11.0.22.7.1 (11.0.22+7-LTS, mixed mode, tiered, compressed oops, g1 gc, windows-amd64)
# Problematic frame:
# v  ~StubRoutines::get_previous_fp
#
# No core dump will be written. Minidumps are not enabled by default on client versions of Windows
#
# If you would like to submit a bug report, please visit:
#   https://github.com/corretto/corretto-11/issues/
#

---------------  S U M M A R Y ------------

Command Line: -javaagent:C:\\Users\\ой\\.m2\\repository\\org\\jacoco\\org.jacoco.agent\\0.8.7\\org.jacoco.agent-0.8.7-runtime.jar=destfile=C:\\Users\\ой\\IdeaProjects\\QA-java-diplom-1\\target\\jacoco.exec C:\Users\ой\AppData\Local\Temp\surefire6991083369459041502\surefirebooter-20240226223728389_3.jar C:\Users\ой\AppData\Local\Temp\surefire6991083369459041502 2024-02-26T22-37-27_888-jvmRun1 surefire-20240226223728389_1tmp surefire_0-20240226223728389_2tmp

Host: 11th Gen Intel(R) Core(TM) i7-11800H @ 2.30GHz, 16 cores, 15G,  Windows 11 , 64 bit Build 22621 (10.0.22621.3085)
Time: Mon Feb 26 22:37:29 2024 RTZ 2 (s 11 , 64 bit Build 22621 (10.0.22621.3085) elapsed time: 0.472643 seconds (0d 0h 0m 0s)

---------------  T H R E A D  ---------------

Current thread (0x00000236a677c800):  JavaThread "main" [_thread_in_vm, id=8200, stack(0x000000f000600000,0x000000f000700000)]

Stack: [0x000000f000600000,0x000000f000700000],  sp=0x000000f0006ff300,  free space=1020k
Native frames: (J=compiled Java code, j=interpreted, Vv=VM code, C=native code)
C  0x00000236aef012e7


siginfo: EXCEPTION_ACCESS_VIOLATION (0xc0000005), reading address 0x00000000000003d8


Register to memory mapping:

RIP=0x00000236aef012e7 is at begin+8 in a stub
StubRoutines::get_previous_fp [0x00000236aef012df, 0x00000236aef012ec[ (13 bytes)
RAX=0x00000000000003d8 is an unknown value
RBX=0x000000f0006ff3a0 is pointing into the stack for thread: 0x00000236a677c800
RCX=0x000000f0006ff3a0 is pointing into the stack for thread: 0x00000236a677c800
RDX=0x0 is NULL
RSP=0x000000f0006ff300 is pointing into the stack for thread: 0x00000236a677c800
RBP=0x000000f0006ff300 is pointing into the stack for thread: 0x00000236a677c800
RSI=0x0 is NULL
RDI=0x00000236a677c800 is a thread
R8 =0x000000f0006ff278 is pointing into the stack for thread: 0x00000236a677c800
R9 =0x0 is NULL
R10=0x0 is NULL
R11=0x000000f0006ff330 is pointing into the stack for thread: 0x00000236a677c800
R12=0x00000236a677d688 points into unknown readable memory: 0x0804fe053a37db82 | 82 db 37 3a 05 fe 04 08
R13=0x00000236a681f498 points into unknown readable memory: 0x00000236a4597a90 | 90 7a 59 a4 36 02 00 00
R14=0x00000236cb89ecf0 points into unknown readable memory: 0x00000236cb8a5c00 | 00 5c 8a cb 36 02 00 00
R15=0x00000236a677d2b0 points into unknown readable memory: 0x0072006f006d0020 | 20 00 6d 00 6f 00 72 00


Registers:
RAX=0x00000000000003d8, RBX=0x000000f0006ff3a0, RCX=0x000000f0006ff3a0, RDX=0x0000000000000000
RSP=0x000000f0006ff300, RBP=0x000000f0006ff300, RSI=0x0000000000000000, RDI=0x00000236a677c800
R8 =0x000000f0006ff278, R9 =0x0000000000000000, R10=0x0000000000000000, R11=0x000000f0006ff330
R12=0x00000236a677d688, R13=0x00000236a681f498, R14=0x00000236cb89ecf0, R15=0x00000236a677d2b0
RIP=0x00000236aef012e7, EFLAGS=0x0000000000010202

Top of Stack: (sp=0x000000f0006ff300)
0x000000f0006ff300:   00000000000003d8 00007ff995535376
0x000000f0006ff310:   00007ffa2c33f550 00007ffa2c33f550
0x000000f0006ff320:   000000f0006ff3c0 000000f0006ff350
0x000000f0006ff330:   00000236a677d2a0 00007ff994fb232c
0x000000f0006ff340:   000000f0006ff3b0 00000236a6765480
0x000000f0006ff350:   00000000000007d0 0000000000007fd8
0x000000f0006ff360:   00000236a677c800 00007ff995689301
0x000000f0006ff370:   00000236a6765480 00000236a677d2a0
0x000000f0006ff380:   00000236a677d2a0 00000236a4593100
0x000000f0006ff390:   00000236a466e6f8 00007ffa24d2148c
0x000000f0006ff3a0:   0000000000000024 00007ffa24d282d0
0x000000f0006ff3b0:   000000f0006ff400 00007ffa2c33f550
0x000000f0006ff3c0:   00007ffa2c33f550 0000000000000000
0x000000f0006ff3d0:   000099a71d83691b 00007ffa24d27ae0
0x000000f0006ff3e0:   00000236a677c800 00007ff995537ac0
0x000000f0006ff3f0:   00000236a677cb48 00007ffa24d282d0 

Instructions: (pc=0x00000236aef012e7)
0x00000236aef011e7:   40 18 85 98 fe ff ff 00 62 63 35 40 18 8d 88 fe
0x00000236aef011f7:   ff ff 00 62 63 2d 40 18 95 78 fe ff ff 00 62 63
0x00000236aef01207:   25 40 18 9d 68 fe ff ff 00 62 63 1d 40 18 a5 58
0x00000236aef01217:   fe ff ff 00 62 63 15 40 18 ad 48 fe ff ff 00 62
0x00000236aef01227:   63 0d 40 18 b5 38 fe ff ff 00 62 63 05 40 18 bd
0x00000236aef01237:   28 fe ff ff 00 4c 8b 7d c8 4c 8b 75 d0 4c 8b 6d
0x00000236aef01247:   d8 4c 8b 65 e0 48 8b 5d f8 48 8b 7d e8 48 8b 75
0x00000236aef01257:   f0 48 81 c4 d8 01 00 00 c5 f8 77 5d c3 48 89 01
0x00000236aef01267:   e9 ab fe ff ff c5 fa 11 01 e9 a2 fe ff ff c5 fb
0x00000236aef01277:   11 01 e9 99 fe ff ff 49 89 47 08 49 ba a0 53 83
0x00000236aef01287:   95 f9 7f 00 00 4d 89 57 10 41 c7 47 18 da 01 00
0x00000236aef01297:   00 e9 4d fe ff ff 8b c1 87 02 c3 48 8b c1 48 87
0x00000236aef012a7:   02 c3 41 8b c0 f0 0f b1 0a c3 49 0f be c0 f0 0f
0x00000236aef012b7:   b0 0a c3 49 8b c0 f0 48 0f b1 0a c3 8b c1 f0 0f
0x00000236aef012c7:   c1 0a 03 c1 c3 48 8b c1 f0 48 0f c1 0a 48 03 c1
0x00000236aef012d7:   c3 f0 83 44 24 c0 00 c3 55 48 8b ec 48 8b 45 00
0x00000236aef012e7:   48 8b 00 5d c3 48 8b c4 48 83 c0 08 c3 c3 66 66
0x00000236aef012f7:   66 0f 1f 84 00 00 00 00 00 55 48 8b ec 41 54 48
0x00000236aef01307:   83 ec 28 49 b9 60 09 99 95 f9 7f 00 00 f7 d1 41
0x00000236aef01317:   bc 00 00 00 00 41 81 f8 00 01 00 00 0f 8c b5 02
0x00000236aef01327:   00 00 c5 79 6e d1 62 b1 fe 48 6f 04 22 62 b1 fe
0x00000236aef01337:   48 6f 64 22 01 62 d1 fd 48 ef c2 62 52 7d 48 5a
0x00000236aef01347:   51 02 41 81 e8 00 01 00 00 41 81 f8 00 01 00 00
0x00000236aef01357:   0f 8c 01 01 00 00 62 b1 fe 48 6f 7c 22 02 62 31
0x00000236aef01367:   fe 48 6f 44 22 03 62 c2 7d 48 5a 01 41 81 e8 00
0x00000236aef01377:   01 00 00 41 81 c4 00 01 00 00 62 b1 fe 48 6f 1c
0x00000236aef01387:   22 62 b3 7d 48 44 c8 10 62 b3 7d 48 44 d0 01 62
0x00000236aef01397:   f1 f5 48 ef c2 62 f1 fd 48 ef c3 62 b1 fe 48 6f
0x00000236aef013a7:   5c 22 01 62 b3 5d 48 44 c8 10 62 b3 5d 48 44 d0
0x00000236aef013b7:   01 62 f1 f5 48 ef e2 62 f1 dd 48 ef e3 62 b1 fe
0x00000236aef013c7:   48 6f 5c 22 02 62 b3 45 48 44 c8 10 62 b3 45 48
0x00000236aef013d7:   44 d0 01 62 f1 f5 48 ef fa 62 f1 c5 48 ef fb 62 


Stack slot to memory mapping:
stack at sp + 0 slots: 0x00000000000003d8 is an unknown value
stack at sp + 1 slots: 0x00007ff995535376 jvm.dll
stack at sp + 2 slots: 0x00007ffa2c33f550 ucrtbase.dll
stack at sp + 3 slots: 0x00007ffa2c33f550 ucrtbase.dll
stack at sp + 4 slots: 0x000000f0006ff3c0 is pointing into the stack for thread: 0x00000236a677c800
stack at sp + 5 slots: 0x000000f0006ff350 is pointing into the stack for thread: 0x00000236a677c800
stack at sp + 6 slots: 0x00000236a677d2a0 points into unknown readable memory: 0x00000236cb89ece0 | e0 ec 89 cb 36 02 00 00
stack at sp + 7 slots: 0x00007ff994fb232c jvm.dll

StubRoutines::get_previous_fp [0x00000236aef012df, 0x00000236aef012ec[ (13 bytes)
---------------  P R O C E S S  ---------------

Threads class SMR info:
_java_thread_list=0x00000236cba34ce0, length=14, elements={
0x00000236a677c800, 0x00000236cb6cf000, 0x00000236cb6fc000, 0x00000236cb751000,
0x00000236cb752000, 0x00000236cb753000, 0x00000236cb758800, 0x00000236cb77d800,
0x00000236cb788800, 0x00000236cae07000, 0x00000236cb8fa800, 0x00000236cb900800,
0x00000236cb902800, 0x00000236cb927000
}

Java Threads: ( => current thread )
=>0x00000236a677c800 JavaThread "main" [_thread_in_vm, id=8200, stack(0x000000f000600000,0x000000f000700000)]
  0x00000236cb6cf000 JavaThread "Reference Handler" daemon [_thread_blocked, id=4744, stack(0x000000f000d00000,0x000000f000e00000)]
  0x00000236cb6fc000 JavaThread "Finalizer" daemon [_thread_blocked, id=5596, stack(0x000000f000e00000,0x000000f000f00000)]
  0x00000236cb751000 JavaThread "Signal Dispatcher" daemon [_thread_blocked, id=1860, stack(0x000000f000f00000,0x000000f001000000)]
  0x00000236cb752000 JavaThread "Attach Listener" daemon [_thread_blocked, id=25216, stack(0x000000f001000000,0x000000f001100000)]
  0x00000236cb753000 JavaThread "Service Thread" daemon [_thread_blocked, id=8064, stack(0x000000f001100000,0x000000f001200000)]
  0x00000236cb758800 JavaThread "C2 CompilerThread0" daemon [_thread_blocked, id=27112, stack(0x000000f001200000,0x000000f001300000)]
  0x00000236cb77d800 JavaThread "C1 CompilerThread0" daemon [_thread_blocked, id=22752, stack(0x000000f001300000,0x000000f001400000)]
  0x00000236cb788800 JavaThread "Sweeper thread" daemon [_thread_blocked, id=28268, stack(0x000000f001400000,0x000000f001500000)]
  0x00000236cae07000 JavaThread "Common-Cleaner" daemon [_thread_blocked, id=2264, stack(0x000000f001500000,0x000000f001600000)]
  0x00000236cb8fa800 JavaThread "C1 CompilerThread1" daemon [_thread_blocked, id=1928, stack(0x000000f001600000,0x000000f001700000)]
  0x00000236cb900800 JavaThread "C1 CompilerThread2" daemon [_thread_blocked, id=27540, stack(0x000000f001700000,0x000000f001800000)]
  0x00000236cb902800 JavaThread "C1 CompilerThread3" daemon [_thread_blocked, id=18636, stack(0x000000f001800000,0x000000f001900000)]
  0x00000236cb927000 JavaThread "C2 CompilerThread1" daemon [_thread_blocked, id=26280, stack(0x000000f001900000,0x000000f001a00000)]

Other Threads:
  0x00000236cb6cd000 VMThread "VM Thread" [stack: 0x000000f000c00000,0x000000f000d00000] [id=13940]
  0x00000236a6798800 GCTaskThread "GC Thread#0" [stack: 0x000000f000700000,0x000000f000800000] [id=13892]
  0x00000236a67f5000 ConcurrentGCThread "G1 Main Marker" [stack: 0x000000f000800000,0x000000f000900000] [id=6452]
  0x00000236a67f8000 ConcurrentGCThread "G1 Conc#0" [stack: 0x000000f000900000,0x000000f000a00000] [id=20192]
  0x00000236cad34000 ConcurrentGCThread "G1 Refine#0" [stack: 0x000000f000a00000,0x000000f000b00000] [id=16836]
  0x00000236cad35800 ConcurrentGCThread "G1 Young RemSet Sampling" [stack: 0x000000f000b00000,0x000000f000c00000] [id=26120]

Threads with active compile tasks:

VM state:not at safepoint (normal execution)

VM Mutex/Monitor currently owned by a thread: None

Heap address: 0x0000000704a00000, size: 4022 MB, Compressed Oops mode: Zero based, Oop shift amount: 3
Narrow klass base: 0x0000000800000000, Narrow klass shift: 0
Compressed class space size: 1073741824 Address: 0x0000000800000000

Heap:
 garbage-first heap   total 258048K, used 4096K [0x0000000704a00000, 0x0000000800000000)
  region size 1024K, 5 young (5120K), 0 survivors (0K)
 Metaspace       used 6765K, capacity 6914K, committed 7168K, reserved 1056768K
  class space    used 587K, capacity 643K, committed 768K, reserved 1048576K
Heap Regions: E=young(eden), S=young(survivor), O=old, HS=humongous(starts), HC=humongous(continues), CS=collection set, F=free, A=archive, TAMS=top-at-mark-start (previous, next)
|   0|0x0000000704a00000, 0x0000000704a00000, 0x0000000704b00000|  0%| F|  |TAMS 0x0000000704a00000, 0x0000000704a00000| Untracked 
|   1|0x0000000704b00000, 0x0000000704b00000, 0x0000000704c00000|  0%| F|  |TAMS 0x0000000704b00000, 0x0000000704b00000| Untracked 
|   2|0x0000000704c00000, 0x0000000704c00000, 0x0000000704d00000|  0%| F|  |TAMS 0x0000000704c00000, 0x0000000704c00000| Untracked 
|   3|0x0000000704d00000, 0x0000000704d00000, 0x0000000704e00000|  0%| F|  |TAMS 0x0000000704d00000, 0x0000000704d00000| Untracked 
|   4|0x0000000704e00000, 0x0000000704e00000, 0x0000000704f00000|  0%| F|  |TAMS 0x0000000704e00000, 0x0000000704e00000| Untracked 
|   5|0x0000000704f00000, 0x0000000704f00000, 0x0000000705000000|  0%| F|  |TAMS 0x0000000704f00000, 0x0000000704f00000| Untracked 
|   6|0x0000000705000000, 0x0000000705000000, 0x0000000705100000|  0%| F|  |TAMS 0x0000000705000000, 0x0000000705000000| Untracked 
|   7|0x0000000705100000, 0x0000000705100000, 0x0000000705200000|  0%| F|  |TAMS 0x0000000705100000, 0x0000000705100000| Untracked 
|   8|0x0000000705200000, 0x0000000705200000, 0x0000000705300000|  0%| F|  |TAMS 0x0000000705200000, 0x0000000705200000| Untracked 
|   9|0x0000000705300000, 0x0000000705300000, 0x0000000705400000|  0%| F|  |TAMS 0x0000000705300000, 0x0000000705300000| Untracked 
|  10|0x0000000705400000, 0x0000000705400000, 0x0000000705500000|  0%| F|  |TAMS 0x0000000705400000, 0x0000000705400000| Untracked 
|  11|0x0000000705500000, 0x0000000705500000, 0x0000000705600000|  0%| F|  |TAMS 0x0000000705500000, 0x0000000705500000| Untracked 
|  12|0x0000000705600000, 0x0000000705600000, 0x0000000705700000|  0%| F|  |TAMS 0x0000000705600000, 0x0000000705600000| Untracked 
|  13|0x0000000705700000, 0x0000000705700000, 0x0000000705800000|  0%| F|  |TAMS 0x0000000705700000, 0x0000000705700000| Untracked 
|  14|0x0000000705800000, 0x0000000705800000, 0x0000000705900000|  0%| F|  |TAMS 0x0000000705800000, 0x0000000705800000| Untracked 
|  15|0x0000000705900000, 0x0000000705900000, 0x0000000705a00000|  0%| F|  |TAMS 0x0000000705900000, 0x0000000705900000| Untracked 
|  16|0x0000000705a00000, 0x0000000705a00000, 0x0000000705b00000|  0%| F|  |TAMS 0x0000000705a00000, 0x0000000705a00000| Untracked 
|  17|0x0000000705b00000, 0x0000000705b00000, 0x0000000705c00000|  0%| F|  |TAMS 0x0000000705b00000, 0x0000000705b00000| Untracked 
|  18|0x0000000705c00000, 0x0000000705c00000, 0x0000000705d00000|  0%| F|  |TAMS 0x0000000705c00000, 0x0000000705c00000| Untracked 
|  19|0x0000000705d00000, 0x0000000705d00000, 0x0000000705e00000|  0%| F|  |TAMS 0x0000000705d00000, 0x0000000705d00000| Untracked 
|  20|0x0000000705e00000, 0x0000000705e00000, 0x0000000705f00000|  0%| F|  |TAMS 0x0000000705e00000, 0x0000000705e00000| Untracked 
|  21|0x0000000705f00000, 0x0000000705f00000, 0x0000000706000000|  0%| F|  |TAMS 0x0000000705f00000, 0x0000000705f00000| Untracked 
|  22|0x0000000706000000, 0x0000000706000000, 0x0000000706100000|  0%| F|  |TAMS 0x0000000706000000, 0x0000000706000000| Untracked 
|  23|0x0000000706100000, 0x0000000706100000, 0x0000000706200000|  0%| F|  |TAMS 0x0000000706100000, 0x0000000706100000| Untracked 
|  24|0x0000000706200000, 0x0000000706200000, 0x0000000706300000|  0%| F|  |TAMS 0x0000000706200000, 0x0000000706200000| Untracked 
|  25|0x0000000706300000, 0x0000000706300000, 0x0000000706400000|  0%| F|  |TAMS 0x0000000706300000, 0x0000000706300000| Untracked 
|  26|0x0000000706400000, 0x0000000706400000, 0x0000000706500000|  0%| F|  |TAMS 0x0000000706400000, 0x0000000706400000| Untracked 
|  27|0x0000000706500000, 0x0000000706500000, 0x0000000706600000|  0%| F|  |TAMS 0x0000000706500000, 0x0000000706500000| Untracked 
|  28|0x0000000706600000, 0x0000000706600000, 0x0000000706700000|  0%| F|  |TAMS 0x0000000706600000, 0x0000000706600000| Untracked 
|  29|0x0000000706700000, 0x0000000706700000, 0x0000000706800000|  0%| F|  |TAMS 0x0000000706700000, 0x0000000706700000| Untracked 
|  30|0x0000000706800000, 0x0000000706800000, 0x0000000706900000|  0%| F|  |TAMS 0x0000000706800000, 0x0000000706800000| Untracked 
|  31|0x0000000706900000, 0x0000000706900000, 0x0000000706a00000|  0%| F|  |TAMS 0x0000000706900000, 0x0000000706900000| Untracked 
|  32|0x0000000706a00000, 0x0000000706a00000, 0x0000000706b00000|  0%| F|  |TAMS 0x0000000706a00000, 0x0000000706a00000| Untracked 
|  33|0x0000000706b00000, 0x0000000706b00000, 0x0000000706c00000|  0%| F|  |TAMS 0x0000000706b00000, 0x0000000706b00000| Untracked 
|  34|0x0000000706c00000, 0x0000000706c00000, 0x0000000706d00000|  0%| F|  |TAMS 0x0000000706c00000, 0x0000000706c00000| Untracked 
|  35|0x0000000706d00000, 0x0000000706d00000, 0x0000000706e00000|  0%| F|  |TAMS 0x0000000706d00000, 0x0000000706d00000| Untracked 
|  36|0x0000000706e00000, 0x0000000706e00000, 0x0000000706f00000|  0%| F|  |TAMS 0x0000000706e00000, 0x0000000706e00000| Untracked 
|  37|0x0000000706f00000, 0x0000000706f00000, 0x0000000707000000|  0%| F|  |TAMS 0x0000000706f00000, 0x0000000706f00000| Untracked 
|  38|0x0000000707000000, 0x0000000707000000, 0x0000000707100000|  0%| F|  |TAMS 0x0000000707000000, 0x0000000707000000| Untracked 
|  39|0x0000000707100000, 0x0000000707100000, 0x0000000707200000|  0%| F|  |TAMS 0x0000000707100000, 0x0000000707100000| Untracked 
|  40|0x0000000707200000, 0x0000000707200000, 0x0000000707300000|  0%| F|  |TAMS 0x0000000707200000, 0x0000000707200000| Untracked 
|  41|0x0000000707300000, 0x0000000707300000, 0x0000000707400000|  0%| F|  |TAMS 0x0000000707300000, 0x0000000707300000| Untracked 
|  42|0x0000000707400000, 0x0000000707400000, 0x0000000707500000|  0%| F|  |TAMS 0x0000000707400000, 0x0000000707400000| Untracked 
|  43|0x0000000707500000, 0x0000000707500000, 0x0000000707600000|  0%| F|  |TAMS 0x0000000707500000, 0x0000000707500000| Untracked 
|  44|0x0000000707600000, 0x0000000707600000, 0x0000000707700000|  0%| F|  |TAMS 0x0000000707600000, 0x0000000707600000| Untracked 
|  45|0x0000000707700000, 0x0000000707700000, 0x0000000707800000|  0%| F|  |TAMS 0x0000000707700000, 0x0000000707700000| Untracked 
|  46|0x0000000707800000, 0x0000000707800000, 0x0000000707900000|  0%| F|  |TAMS 0x0000000707800000, 0x0000000707800000| Untracked 
|  47|0x0000000707900000, 0x0000000707900000, 0x0000000707a00000|  0%| F|  |TAMS 0x0000000707900000, 0x0000000707900000| Untracked 
|  48|0x0000000707a00000, 0x0000000707a00000, 0x0000000707b00000|  0%| F|  |TAMS 0x0000000707a00000, 0x0000000707a00000| Untracked 
|  49|0x0000000707b00000, 0x0000000707b00000, 0x0000000707c00000|  0%| F|  |TAMS 0x0000000707b00000, 0x0000000707b00000| Untracked 
|  50|0x0000000707c00000, 0x0000000707c00000, 0x0000000707d00000|  0%| F|  |TAMS 0x0000000707c00000, 0x0000000707c00000| Untracked 
|  51|0x0000000707d00000, 0x0000000707d00000, 0x0000000707e00000|  0%| F|  |TAMS 0x0000000707d00000, 0x0000000707d00000| Untracked 
|  52|0x0000000707e00000, 0x0000000707e00000, 0x0000000707f00000|  0%| F|  |TAMS 0x0000000707e00000, 0x0000000707e00000| Untracked 
|  53|0x0000000707f00000, 0x0000000707f00000, 0x0000000708000000|  0%| F|  |TAMS 0x0000000707f00000, 0x0000000707f00000| Untracked 
|  54|0x0000000708000000, 0x0000000708000000, 0x0000000708100000|  0%| F|  |TAMS 0x0000000708000000, 0x0000000708000000| Untracked 
|  55|0x0000000708100000, 0x0000000708100000, 0x0000000708200000|  0%| F|  |TAMS 0x0000000708100000, 0x0000000708100000| Untracked 
|  56|0x0000000708200000, 0x0000000708200000, 0x0000000708300000|  0%| F|  |TAMS 0x0000000708200000, 0x0000000708200000| Untracked 
|  57|0x0000000708300000, 0x0000000708300000, 0x0000000708400000|  0%| F|  |TAMS 0x0000000708300000, 0x0000000708300000| Untracked 
|  58|0x0000000708400000, 0x0000000708400000, 0x0000000708500000|  0%| F|  |TAMS 0x0000000708400000, 0x0000000708400000| Untracked 
|  59|0x0000000708500000, 0x0000000708500000, 0x0000000708600000|  0%| F|  |TAMS 0x0000000708500000, 0x0000000708500000| Untracked 
|  60|0x0000000708600000, 0x0000000708600000, 0x0000000708700000|  0%| F|  |TAMS 0x0000000708600000, 0x0000000708600000| Untracked 
|  61|0x0000000708700000, 0x0000000708700000, 0x0000000708800000|  0%| F|  |TAMS 0x0000000708700000, 0x0000000708700000| Untracked 
|  62|0x0000000708800000, 0x0000000708800000, 0x0000000708900000|  0%| F|  |TAMS 0x0000000708800000, 0x0000000708800000| Untracked 
|  63|0x0000000708900000, 0x0000000708900000, 0x0000000708a00000|  0%| F|  |TAMS 0x0000000708900000, 0x0000000708900000| Untracked 
|  64|0x0000000708a00000, 0x0000000708a00000, 0x0000000708b00000|  0%| F|  |TAMS 0x0000000708a00000, 0x0000000708a00000| Untracked 
|  65|0x0000000708b00000, 0x0000000708b00000, 0x0000000708c00000|  0%| F|  |TAMS 0x0000000708b00000, 0x0000000708b00000| Untracked 
|  66|0x0000000708c00000, 0x0000000708c00000, 0x0000000708d00000|  0%| F|  |TAMS 0x0000000708c00000, 0x0000000708c00000| Untracked 
|  67|0x0000000708d00000, 0x0000000708d00000, 0x0000000708e00000|  0%| F|  |TAMS 0x0000000708d00000, 0x0000000708d00000| Untracked 
|  68|0x0000000708e00000, 0x0000000708e00000, 0x0000000708f00000|  0%| F|  |TAMS 0x0000000708e00000, 0x0000000708e00000| Untracked 
|  69|0x0000000708f00000, 0x0000000708f00000, 0x0000000709000000|  0%| F|  |TAMS 0x0000000708f00000, 0x0000000708f00000| Untracked 
|  70|0x0000000709000000, 0x0000000709000000, 0x0000000709100000|  0%| F|  |TAMS 0x0000000709000000, 0x0000000709000000| Untracked 
|  71|0x0000000709100000, 0x0000000709100000, 0x0000000709200000|  0%| F|  |TAMS 0x0000000709100000, 0x0000000709100000| Untracked 
|  72|0x0000000709200000, 0x0000000709200000, 0x0000000709300000|  0%| F|  |TAMS 0x0000000709200000, 0x0000000709200000| Untracked 
|  73|0x0000000709300000, 0x0000000709300000, 0x0000000709400000|  0%| F|  |TAMS 0x0000000709300000, 0x0000000709300000| Untracked 
|  74|0x0000000709400000, 0x0000000709400000, 0x0000000709500000|  0%| F|  |TAMS 0x0000000709400000, 0x0000000709400000| Untracked 
|  75|0x0000000709500000, 0x0000000709500000, 0x0000000709600000|  0%| F|  |TAMS 0x0000000709500000, 0x0000000709500000| Untracked 
|  76|0x0000000709600000, 0x0000000709600000, 0x0000000709700000|  0%| F|  |TAMS 0x0000000709600000, 0x0000000709600000| Untracked 
|  77|0x0000000709700000, 0x0000000709700000, 0x0000000709800000|  0%| F|  |TAMS 0x0000000709700000, 0x0000000709700000| Untracked 
|  78|0x0000000709800000, 0x0000000709800000, 0x0000000709900000|  0%| F|  |TAMS 0x0000000709800000, 0x0000000709800000| Untracked 
|  79|0x0000000709900000, 0x0000000709900000, 0x0000000709a00000|  0%| F|  |TAMS 0x0000000709900000, 0x0000000709900000| Untracked 
|  80|0x0000000709a00000, 0x0000000709a00000, 0x0000000709b00000|  0%| F|  |TAMS 0x0000000709a00000, 0x0000000709a00000| Untracked 
|  81|0x0000000709b00000, 0x0000000709b00000, 0x0000000709c00000|  0%| F|  |TAMS 0x0000000709b00000, 0x0000000709b00000| Untracked 
|  82|0x0000000709c00000, 0x0000000709c00000, 0x0000000709d00000|  0%| F|  |TAMS 0x0000000709c00000, 0x0000000709c00000| Untracked 
|  83|0x0000000709d00000, 0x0000000709d00000, 0x0000000709e00000|  0%| F|  |TAMS 0x0000000709d00000, 0x0000000709d00000| Untracked 
|  84|0x0000000709e00000, 0x0000000709e00000, 0x0000000709f00000|  0%| F|  |TAMS 0x0000000709e00000, 0x0000000709e00000| Untracked 
|  85|0x0000000709f00000, 0x0000000709f00000, 0x000000070a000000|  0%| F|  |TAMS 0x0000000709f00000, 0x0000000709f00000| Untracked 
|  86|0x000000070a000000, 0x000000070a000000, 0x000000070a100000|  0%| F|  |TAMS 0x000000070a000000, 0x000000070a000000| Untracked 
|  87|0x000000070a100000, 0x000000070a100000, 0x000000070a200000|  0%| F|  |TAMS 0x000000070a100000, 0x000000070a100000| Untracked 
|  88|0x000000070a200000, 0x000000070a200000, 0x000000070a300000|  0%| F|  |TAMS 0x000000070a200000, 0x000000070a200000| Untracked 
|  89|0x000000070a300000, 0x000000070a300000, 0x000000070a400000|  0%| F|  |TAMS 0x000000070a300000, 0x000000070a300000| Untracked 
|  90|0x000000070a400000, 0x000000070a400000, 0x000000070a500000|  0%| F|  |TAMS 0x000000070a400000, 0x000000070a400000| Untracked 
|  91|0x000000070a500000, 0x000000070a500000, 0x000000070a600000|  0%| F|  |TAMS 0x000000070a500000, 0x000000070a500000| Untracked 
|  92|0x000000070a600000, 0x000000070a600000, 0x000000070a700000|  0%| F|  |TAMS 0x000000070a600000, 0x000000070a600000| Untracked 
|  93|0x000000070a700000, 0x000000070a700000, 0x000000070a800000|  0%| F|  |TAMS 0x000000070a700000, 0x000000070a700000| Untracked 
|  94|0x000000070a800000, 0x000000070a800000, 0x000000070a900000|  0%| F|  |TAMS 0x000000070a800000, 0x000000070a800000| Untracked 
|  95|0x000000070a900000, 0x000000070a900000, 0x000000070aa00000|  0%| F|  |TAMS 0x000000070a900000, 0x000000070a900000| Untracked 
|  96|0x000000070aa00000, 0x000000070aa00000, 0x000000070ab00000|  0%| F|  |TAMS 0x000000070aa00000, 0x000000070aa00000| Untracked 
|  97|0x000000070ab00000, 0x000000070ab00000, 0x000000070ac00000|  0%| F|  |TAMS 0x000000070ab00000, 0x000000070ab00000| Untracked 
|  98|0x000000070ac00000, 0x000000070ac00000, 0x000000070ad00000|  0%| F|  |TAMS 0x000000070ac00000, 0x000000070ac00000| Untracked 
|  99|0x000000070ad00000, 0x000000070ad00000, 0x000000070ae00000|  0%| F|  |TAMS 0x000000070ad00000, 0x000000070ad00000| Untracked 
| 100|0x000000070ae00000, 0x000000070ae00000, 0x000000070af00000|  0%| F|  |TAMS 0x000000070ae00000, 0x000000070ae00000| Untracked 
| 101|0x000000070af00000, 0x000000070af00000, 0x000000070b000000|  0%| F|  |TAMS 0x000000070af00000, 0x000000070af00000| Untracked 
| 102|0x000000070b000000, 0x000000070b000000, 0x000000070b100000|  0%| F|  |TAMS 0x000000070b000000, 0x000000070b000000| Untracked 
| 103|0x000000070b100000, 0x000000070b100000, 0x000000070b200000|  0%| F|  |TAMS 0x000000070b100000, 0x000000070b100000| Untracked 
| 104|0x000000070b200000, 0x000000070b200000, 0x000000070b300000|  0%| F|  |TAMS 0x000000070b200000, 0x000000070b200000| Untracked 
| 105|0x000000070b300000, 0x000000070b300000, 0x000000070b400000|  0%| F|  |TAMS 0x000000070b300000, 0x000000070b300000| Untracked 
| 106|0x000000070b400000, 0x000000070b400000, 0x000000070b500000|  0%| F|  |TAMS 0x000000070b400000, 0x000000070b400000| Untracked 
| 107|0x000000070b500000, 0x000000070b500000, 0x000000070b600000|  0%| F|  |TAMS 0x000000070b500000, 0x000000070b500000| Untracked 
| 108|0x000000070b600000, 0x000000070b600000, 0x000000070b700000|  0%| F|  |TAMS 0x000000070b600000, 0x000000070b600000| Untracked 
| 109|0x000000070b700000, 0x000000070b700000, 0x000000070b800000|  0%| F|  |TAMS 0x000000070b700000, 0x000000070b700000| Untracked 
| 110|0x000000070b800000, 0x000000070b800000, 0x000000070b900000|  0%| F|  |TAMS 0x000000070b800000, 0x000000070b800000| Untracked 
| 111|0x000000070b900000, 0x000000070b900000, 0x000000070ba00000|  0%| F|  |TAMS 0x000000070b900000, 0x000000070b900000| Untracked 
| 112|0x000000070ba00000, 0x000000070ba00000, 0x000000070bb00000|  0%| F|  |TAMS 0x000000070ba00000, 0x000000070ba00000| Untracked 
| 113|0x000000070bb00000, 0x000000070bb00000, 0x000000070bc00000|  0%| F|  |TAMS 0x000000070bb00000, 0x000000070bb00000| Untracked 
| 114|0x000000070bc00000, 0x000000070bc00000, 0x000000070bd00000|  0%| F|  |TAMS 0x000000070bc00000, 0x000000070bc00000| Untracked 
| 115|0x000000070bd00000, 0x000000070bd00000, 0x000000070be00000|  0%| F|  |TAMS 0x000000070bd00000, 0x000000070bd00000| Untracked 
| 116|0x000000070be00000, 0x000000070be00000, 0x000000070bf00000|  0%| F|  |TAMS 0x000000070be00000, 0x000000070be00000| Untracked 
| 117|0x000000070bf00000, 0x000000070bf00000, 0x000000070c000000|  0%| F|  |TAMS 0x000000070bf00000, 0x000000070bf00000| Untracked 
| 118|0x000000070c000000, 0x000000070c000000, 0x000000070c100000|  0%| F|  |TAMS 0x000000070c000000, 0x000000070c000000| Untracked 
| 119|0x000000070c100000, 0x000000070c100000, 0x000000070c200000|  0%| F|  |TAMS 0x000000070c100000, 0x000000070c100000| Untracked 
| 120|0x000000070c200000, 0x000000070c200000, 0x000000070c300000|  0%| F|  |TAMS 0x000000070c200000, 0x000000070c200000| Untracked 
| 121|0x000000070c300000, 0x000000070c300000, 0x000000070c400000|  0%| F|  |TAMS 0x000000070c300000, 0x000000070c300000| Untracked 
| 122|0x000000070c400000, 0x000000070c400000, 0x000000070c500000|  0%| F|  |TAMS 0x000000070c400000, 0x000000070c400000| Untracked 
| 123|0x000000070c500000, 0x000000070c500000, 0x000000070c600000|  0%| F|  |TAMS 0x000000070c500000, 0x000000070c500000| Untracked 
| 124|0x000000070c600000, 0x000000070c600000, 0x000000070c700000|  0%| F|  |TAMS 0x000000070c600000, 0x000000070c600000| Untracked 
| 125|0x000000070c700000, 0x000000070c700000, 0x000000070c800000|  0%| F|  |TAMS 0x000000070c700000, 0x000000070c700000| Untracked 
| 126|0x000000070c800000, 0x000000070c800000, 0x000000070c900000|  0%| F|  |TAMS 0x000000070c800000, 0x000000070c800000| Untracked 
| 127|0x000000070c900000, 0x000000070c900000, 0x000000070ca00000|  0%| F|  |TAMS 0x000000070c900000, 0x000000070c900000| Untracked 
| 128|0x000000070ca00000, 0x000000070ca00000, 0x000000070cb00000|  0%| F|  |TAMS 0x000000070ca00000, 0x000000070ca00000| Untracked 
| 129|0x000000070cb00000, 0x000000070cb00000, 0x000000070cc00000|  0%| F|  |TAMS 0x000000070cb00000, 0x000000070cb00000| Untracked 
| 130|0x000000070cc00000, 0x000000070cc00000, 0x000000070cd00000|  0%| F|  |TAMS 0x000000070cc00000, 0x000000070cc00000| Untracked 
| 131|0x000000070cd00000, 0x000000070cd00000, 0x000000070ce00000|  0%| F|  |TAMS 0x000000070cd00000, 0x000000070cd00000| Untracked 
| 132|0x000000070ce00000, 0x000000070ce00000, 0x000000070cf00000|  0%| F|  |TAMS 0x000000070ce00000, 0x000000070ce00000| Untracked 
| 133|0x000000070cf00000, 0x000000070cf00000, 0x000000070d000000|  0%| F|  |TAMS 0x000000070cf00000, 0x000000070cf00000| Untracked 
| 134|0x000000070d000000, 0x000000070d000000, 0x000000070d100000|  0%| F|  |TAMS 0x000000070d000000, 0x000000070d000000| Untracked 
| 135|0x000000070d100000, 0x000000070d100000, 0x000000070d200000|  0%| F|  |TAMS 0x000000070d100000, 0x000000070d100000| Untracked 
| 136|0x000000070d200000, 0x000000070d200000, 0x000000070d300000|  0%| F|  |TAMS 0x000000070d200000, 0x000000070d200000| Untracked 
| 137|0x000000070d300000, 0x000000070d300000, 0x000000070d400000|  0%| F|  |TAMS 0x000000070d300000, 0x000000070d300000| Untracked 
| 138|0x000000070d400000, 0x000000070d400000, 0x000000070d500000|  0%| F|  |TAMS 0x000000070d400000, 0x000000070d400000| Untracked 
| 139|0x000000070d500000, 0x000000070d500000, 0x000000070d600000|  0%| F|  |TAMS 0x000000070d500000, 0x000000070d500000| Untracked 
| 140|0x000000070d600000, 0x000000070d600000, 0x000000070d700000|  0%| F|  |TAMS 0x000000070d600000, 0x000000070d600000| Untracked 
| 141|0x000000070d700000, 0x000000070d700000, 0x000000070d800000|  0%| F|  |TAMS 0x000000070d700000, 0x000000070d700000| Untracked 
| 142|0x000000070d800000, 0x000000070d800000, 0x000000070d900000|  0%| F|  |TAMS 0x000000070d800000, 0x000000070d800000| Untracked 
| 143|0x000000070d900000, 0x000000070d900000, 0x000000070da00000|  0%| F|  |TAMS 0x000000070d900000, 0x000000070d900000| Untracked 
| 144|0x000000070da00000, 0x000000070da00000, 0x000000070db00000|  0%| F|  |TAMS 0x000000070da00000, 0x000000070da00000| Untracked 
| 145|0x000000070db00000, 0x000000070db00000, 0x000000070dc00000|  0%| F|  |TAMS 0x000000070db00000, 0x000000070db00000| Untracked 
| 146|0x000000070dc00000, 0x000000070dc00000, 0x000000070dd00000|  0%| F|  |TAMS 0x000000070dc00000, 0x000000070dc00000| Untracked 
| 147|0x000000070dd00000, 0x000000070dd00000, 0x000000070de00000|  0%| F|  |TAMS 0x000000070dd00000, 0x000000070dd00000| Untracked 
| 148|0x000000070de00000, 0x000000070de00000, 0x000000070df00000|  0%| F|  |TAMS 0x000000070de00000, 0x000000070de00000| Untracked 
| 149|0x000000070df00000, 0x000000070df00000, 0x000000070e000000|  0%| F|  |TAMS 0x000000070df00000, 0x000000070df00000| Untracked 
| 150|0x000000070e000000, 0x000000070e000000, 0x000000070e100000|  0%| F|  |TAMS 0x000000070e000000, 0x000000070e000000| Untracked 
| 151|0x000000070e100000, 0x000000070e100000, 0x000000070e200000|  0%| F|  |TAMS 0x000000070e100000, 0x000000070e100000| Untracked 
| 152|0x000000070e200000, 0x000000070e200000, 0x000000070e300000|  0%| F|  |TAMS 0x000000070e200000, 0x000000070e200000| Untracked 
| 153|0x000000070e300000, 0x000000070e300000, 0x000000070e400000|  0%| F|  |TAMS 0x000000070e300000, 0x000000070e300000| Untracked 
| 154|0x000000070e400000, 0x000000070e400000, 0x000000070e500000|  0%| F|  |TAMS 0x000000070e400000, 0x000000070e400000| Untracked 
| 155|0x000000070e500000, 0x000000070e500000, 0x000000070e600000|  0%| F|  |TAMS 0x000000070e500000, 0x000000070e500000| Untracked 
| 156|0x000000070e600000, 0x000000070e600000, 0x000000070e700000|  0%| F|  |TAMS 0x000000070e600000, 0x000000070e600000| Untracked 
| 157|0x000000070e700000, 0x000000070e700000, 0x000000070e800000|  0%| F|  |TAMS 0x000000070e700000, 0x000000070e700000| Untracked 
| 158|0x000000070e800000, 0x000000070e800000, 0x000000070e900000|  0%| F|  |TAMS 0x000000070e800000, 0x000000070e800000| Untracked 
| 159|0x000000070e900000, 0x000000070e900000, 0x000000070ea00000|  0%| F|  |TAMS 0x000000070e900000, 0x000000070e900000| Untracked 
| 160|0x000000070ea00000, 0x000000070ea00000, 0x000000070eb00000|  0%| F|  |TAMS 0x000000070ea00000, 0x000000070ea00000| Untracked 
| 161|0x000000070eb00000, 0x000000070eb00000, 0x000000070ec00000|  0%| F|  |TAMS 0x000000070eb00000, 0x000000070eb00000| Untracked 
| 162|0x000000070ec00000, 0x000000070ec00000, 0x000000070ed00000|  0%| F|  |TAMS 0x000000070ec00000, 0x000000070ec00000| Untracked 
| 163|0x000000070ed00000, 0x000000070ed00000, 0x000000070ee00000|  0%| F|  |TAMS 0x000000070ed00000, 0x000000070ed00000| Untracked 
| 164|0x000000070ee00000, 0x000000070ee00000, 0x000000070ef00000|  0%| F|  |TAMS 0x000000070ee00000, 0x000000070ee00000| Untracked 
| 165|0x000000070ef00000, 0x000000070ef00000, 0x000000070f000000|  0%| F|  |TAMS 0x000000070ef00000, 0x000000070ef00000| Untracked 
| 166|0x000000070f000000, 0x000000070f000000, 0x000000070f100000|  0%| F|  |TAMS 0x000000070f000000, 0x000000070f000000| Untracked 
| 167|0x000000070f100000, 0x000000070f100000, 0x000000070f200000|  0%| F|  |TAMS 0x000000070f100000, 0x000000070f100000| Untracked 
| 168|0x000000070f200000, 0x000000070f200000, 0x000000070f300000|  0%| F|  |TAMS 0x000000070f200000, 0x000000070f200000| Untracked 
| 169|0x000000070f300000, 0x000000070f300000, 0x000000070f400000|  0%| F|  |TAMS 0x000000070f300000, 0x000000070f300000| Untracked 
| 170|0x000000070f400000, 0x000000070f400000, 0x000000070f500000|  0%| F|  |TAMS 0x000000070f400000, 0x000000070f400000| Untracked 
| 171|0x000000070f500000, 0x000000070f500000, 0x000000070f600000|  0%| F|  |TAMS 0x000000070f500000, 0x000000070f500000| Untracked 
| 172|0x000000070f600000, 0x000000070f600000, 0x000000070f700000|  0%| F|  |TAMS 0x000000070f600000, 0x000000070f600000| Untracked 
| 173|0x000000070f700000, 0x000000070f700000, 0x000000070f800000|  0%| F|  |TAMS 0x000000070f700000, 0x000000070f700000| Untracked 
| 174|0x000000070f800000, 0x000000070f800000, 0x000000070f900000|  0%| F|  |TAMS 0x000000070f800000, 0x000000070f800000| Untracked 
| 175|0x000000070f900000, 0x000000070f900000, 0x000000070fa00000|  0%| F|  |TAMS 0x000000070f900000, 0x000000070f900000| Untracked 
| 176|0x000000070fa00000, 0x000000070fa00000, 0x000000070fb00000|  0%| F|  |TAMS 0x000000070fa00000, 0x000000070fa00000| Untracked 
| 177|0x000000070fb00000, 0x000000070fb00000, 0x000000070fc00000|  0%| F|  |TAMS 0x000000070fb00000, 0x000000070fb00000| Untracked 
| 178|0x000000070fc00000, 0x000000070fc00000, 0x000000070fd00000|  0%| F|  |TAMS 0x000000070fc00000, 0x000000070fc00000| Untracked 
| 179|0x000000070fd00000, 0x000000070fd00000, 0x000000070fe00000|  0%| F|  |TAMS 0x000000070fd00000, 0x000000070fd00000| Untracked 
| 180|0x000000070fe00000, 0x000000070fe00000, 0x000000070ff00000|  0%| F|  |TAMS 0x000000070fe00000, 0x000000070fe00000| Untracked 
| 181|0x000000070ff00000, 0x000000070ff00000, 0x0000000710000000|  0%| F|  |TAMS 0x000000070ff00000, 0x000000070ff00000| Untracked 
| 182|0x0000000710000000, 0x0000000710000000, 0x0000000710100000|  0%| F|  |TAMS 0x0000000710000000, 0x0000000710000000| Untracked 
| 183|0x0000000710100000, 0x0000000710100000, 0x0000000710200000|  0%| F|  |TAMS 0x0000000710100000, 0x0000000710100000| Untracked 
| 184|0x0000000710200000, 0x0000000710200000, 0x0000000710300000|  0%| F|  |TAMS 0x0000000710200000, 0x0000000710200000| Untracked 
| 185|0x0000000710300000, 0x0000000710300000, 0x0000000710400000|  0%| F|  |TAMS 0x0000000710300000, 0x0000000710300000| Untracked 
| 186|0x0000000710400000, 0x0000000710400000, 0x0000000710500000|  0%| F|  |TAMS 0x0000000710400000, 0x0000000710400000| Untracked 
| 187|0x0000000710500000, 0x0000000710500000, 0x0000000710600000|  0%| F|  |TAMS 0x0000000710500000, 0x0000000710500000| Untracked 
| 188|0x0000000710600000, 0x0000000710600000, 0x0000000710700000|  0%| F|  |TAMS 0x0000000710600000, 0x0000000710600000| Untracked 
| 189|0x0000000710700000, 0x0000000710700000, 0x0000000710800000|  0%| F|  |TAMS 0x0000000710700000, 0x0000000710700000| Untracked 
| 190|0x0000000710800000, 0x0000000710800000, 0x0000000710900000|  0%| F|  |TAMS 0x0000000710800000, 0x0000000710800000| Untracked 
| 191|0x0000000710900000, 0x0000000710900000, 0x0000000710a00000|  0%| F|  |TAMS 0x0000000710900000, 0x0000000710900000| Untracked 
| 192|0x0000000710a00000, 0x0000000710a00000, 0x0000000710b00000|  0%| F|  |TAMS 0x0000000710a00000, 0x0000000710a00000| Untracked 
| 193|0x0000000710b00000, 0x0000000710b00000, 0x0000000710c00000|  0%| F|  |TAMS 0x0000000710b00000, 0x0000000710b00000| Untracked 
| 194|0x0000000710c00000, 0x0000000710c00000, 0x0000000710d00000|  0%| F|  |TAMS 0x0000000710c00000, 0x0000000710c00000| Untracked 
| 195|0x0000000710d00000, 0x0000000710d00000, 0x0000000710e00000|  0%| F|  |TAMS 0x0000000710d00000, 0x0000000710d00000| Untracked 
| 196|0x0000000710e00000, 0x0000000710e00000, 0x0000000710f00000|  0%| F|  |TAMS 0x0000000710e00000, 0x0000000710e00000| Untracked 
| 197|0x0000000710f00000, 0x0000000710f00000, 0x0000000711000000|  0%| F|  |TAMS 0x0000000710f00000, 0x0000000710f00000| Untracked 
| 198|0x0000000711000000, 0x0000000711000000, 0x0000000711100000|  0%| F|  |TAMS 0x0000000711000000, 0x0000000711000000| Untracked 
| 199|0x0000000711100000, 0x0000000711100000, 0x0000000711200000|  0%| F|  |TAMS 0x0000000711100000, 0x0000000711100000| Untracked 
| 200|0x0000000711200000, 0x0000000711200000, 0x0000000711300000|  0%| F|  |TAMS 0x0000000711200000, 0x0000000711200000| Untracked 
| 201|0x0000000711300000, 0x0000000711300000, 0x0000000711400000|  0%| F|  |TAMS 0x0000000711300000, 0x0000000711300000| Untracked 
| 202|0x0000000711400000, 0x0000000711400000, 0x0000000711500000|  0%| F|  |TAMS 0x0000000711400000, 0x0000000711400000| Untracked 
| 203|0x0000000711500000, 0x0000000711500000, 0x0000000711600000|  0%| F|  |TAMS 0x0000000711500000, 0x0000000711500000| Untracked 
| 204|0x0000000711600000, 0x0000000711600000, 0x0000000711700000|  0%| F|  |TAMS 0x0000000711600000, 0x0000000711600000| Untracked 
| 205|0x0000000711700000, 0x0000000711700000, 0x0000000711800000|  0%| F|  |TAMS 0x0000000711700000, 0x0000000711700000| Untracked 
| 206|0x0000000711800000, 0x0000000711800000, 0x0000000711900000|  0%| F|  |TAMS 0x0000000711800000, 0x0000000711800000| Untracked 
| 207|0x0000000711900000, 0x0000000711900000, 0x0000000711a00000|  0%| F|  |TAMS 0x0000000711900000, 0x0000000711900000| Untracked 
| 208|0x0000000711a00000, 0x0000000711a00000, 0x0000000711b00000|  0%| F|  |TAMS 0x0000000711a00000, 0x0000000711a00000| Untracked 
| 209|0x0000000711b00000, 0x0000000711b00000, 0x0000000711c00000|  0%| F|  |TAMS 0x0000000711b00000, 0x0000000711b00000| Untracked 
| 210|0x0000000711c00000, 0x0000000711c00000, 0x0000000711d00000|  0%| F|  |TAMS 0x0000000711c00000, 0x0000000711c00000| Untracked 
| 211|0x0000000711d00000, 0x0000000711d00000, 0x0000000711e00000|  0%| F|  |TAMS 0x0000000711d00000, 0x0000000711d00000| Untracked 
| 212|0x0000000711e00000, 0x0000000711e00000, 0x0000000711f00000|  0%| F|  |TAMS 0x0000000711e00000, 0x0000000711e00000| Untracked 
| 213|0x0000000711f00000, 0x0000000711f00000, 0x0000000712000000|  0%| F|  |TAMS 0x0000000711f00000, 0x0000000711f00000| Untracked 
| 214|0x0000000712000000, 0x0000000712000000, 0x0000000712100000|  0%| F|  |TAMS 0x0000000712000000, 0x0000000712000000| Untracked 
| 215|0x0000000712100000, 0x0000000712100000, 0x0000000712200000|  0%| F|  |TAMS 0x0000000712100000, 0x0000000712100000| Untracked 
| 216|0x0000000712200000, 0x0000000712200000, 0x0000000712300000|  0%| F|  |TAMS 0x0000000712200000, 0x0000000712200000| Untracked 
| 217|0x0000000712300000, 0x0000000712300000, 0x0000000712400000|  0%| F|  |TAMS 0x0000000712300000, 0x0000000712300000| Untracked 
| 218|0x0000000712400000, 0x0000000712400000, 0x0000000712500000|  0%| F|  |TAMS 0x0000000712400000, 0x0000000712400000| Untracked 
| 219|0x0000000712500000, 0x0000000712500000, 0x0000000712600000|  0%| F|  |TAMS 0x0000000712500000, 0x0000000712500000| Untracked 
| 220|0x0000000712600000, 0x0000000712600000, 0x0000000712700000|  0%| F|  |TAMS 0x0000000712600000, 0x0000000712600000| Untracked 
| 221|0x0000000712700000, 0x0000000712700000, 0x0000000712800000|  0%| F|  |TAMS 0x0000000712700000, 0x0000000712700000| Untracked 
| 222|0x0000000712800000, 0x0000000712800000, 0x0000000712900000|  0%| F|  |TAMS 0x0000000712800000, 0x0000000712800000| Untracked 
| 223|0x0000000712900000, 0x0000000712900000, 0x0000000712a00000|  0%| F|  |TAMS 0x0000000712900000, 0x0000000712900000| Untracked 
| 224|0x0000000712a00000, 0x0000000712a00000, 0x0000000712b00000|  0%| F|  |TAMS 0x0000000712a00000, 0x0000000712a00000| Untracked 
| 225|0x0000000712b00000, 0x0000000712b00000, 0x0000000712c00000|  0%| F|  |TAMS 0x0000000712b00000, 0x0000000712b00000| Untracked 
| 226|0x0000000712c00000, 0x0000000712c00000, 0x0000000712d00000|  0%| F|  |TAMS 0x0000000712c00000, 0x0000000712c00000| Untracked 
| 227|0x0000000712d00000, 0x0000000712d00000, 0x0000000712e00000|  0%| F|  |TAMS 0x0000000712d00000, 0x0000000712d00000| Untracked 
| 228|0x0000000712e00000, 0x0000000712e00000, 0x0000000712f00000|  0%| F|  |TAMS 0x0000000712e00000, 0x0000000712e00000| Untracked 
| 229|0x0000000712f00000, 0x0000000712f00000, 0x0000000713000000|  0%| F|  |TAMS 0x0000000712f00000, 0x0000000712f00000| Untracked 
| 230|0x0000000713000000, 0x0000000713000000, 0x0000000713100000|  0%| F|  |TAMS 0x0000000713000000, 0x0000000713000000| Untracked 
| 231|0x0000000713100000, 0x0000000713100000, 0x0000000713200000|  0%| F|  |TAMS 0x0000000713100000, 0x0000000713100000| Untracked 
| 232|0x0000000713200000, 0x0000000713200000, 0x0000000713300000|  0%| F|  |TAMS 0x0000000713200000, 0x0000000713200000| Untracked 
| 233|0x0000000713300000, 0x0000000713300000, 0x0000000713400000|  0%| F|  |TAMS 0x0000000713300000, 0x0000000713300000| Untracked 
| 234|0x0000000713400000, 0x0000000713400000, 0x0000000713500000|  0%| F|  |TAMS 0x0000000713400000, 0x0000000713400000| Untracked 
| 235|0x0000000713500000, 0x0000000713500000, 0x0000000713600000|  0%| F|  |TAMS 0x0000000713500000, 0x0000000713500000| Untracked 
| 236|0x0000000713600000, 0x0000000713600000, 0x0000000713700000|  0%| F|  |TAMS 0x0000000713600000, 0x0000000713600000| Untracked 
| 237|0x0000000713700000, 0x0000000713700000, 0x0000000713800000|  0%| F|  |TAMS 0x0000000713700000, 0x0000000713700000| Untracked 
| 238|0x0000000713800000, 0x0000000713800000, 0x0000000713900000|  0%| F|  |TAMS 0x0000000713800000, 0x0000000713800000| Untracked 
| 239|0x0000000713900000, 0x0000000713900000, 0x0000000713a00000|  0%| F|  |TAMS 0x0000000713900000, 0x0000000713900000| Untracked 
| 240|0x0000000713a00000, 0x0000000713a00000, 0x0000000713b00000|  0%| F|  |TAMS 0x0000000713a00000, 0x0000000713a00000| Untracked 
| 241|0x0000000713b00000, 0x0000000713b00000, 0x0000000713c00000|  0%| F|  |TAMS 0x0000000713b00000, 0x0000000713b00000| Untracked 
| 242|0x0000000713c00000, 0x0000000713c00000, 0x0000000713d00000|  0%| F|  |TAMS 0x0000000713c00000, 0x0000000713c00000| Untracked 
| 243|0x0000000713d00000, 0x0000000713d00000, 0x0000000713e00000|  0%| F|  |TAMS 0x0000000713d00000, 0x0000000713d00000| Untracked 
| 244|0x0000000713e00000, 0x0000000713e00000, 0x0000000713f00000|  0%| F|  |TAMS 0x0000000713e00000, 0x0000000713e00000| Untracked 
| 245|0x0000000713f00000, 0x0000000713f00000, 0x0000000714000000|  0%| F|  |TAMS 0x0000000713f00000, 0x0000000713f00000| Untracked 
| 246|0x0000000714000000, 0x0000000714000000, 0x0000000714100000|  0%| F|  |TAMS 0x0000000714000000, 0x0000000714000000| Untracked 
| 247|0x0000000714100000, 0x000000071417b630, 0x0000000714200000| 48%| E|  |TAMS 0x0000000714100000, 0x0000000714100000| Complete 
| 248|0x0000000714200000, 0x0000000714300000, 0x0000000714300000|100%| E|CS|TAMS 0x0000000714200000, 0x0000000714200000| Complete 
| 249|0x0000000714300000, 0x0000000714400000, 0x0000000714400000|100%| E|CS|TAMS 0x0000000714300000, 0x0000000714300000| Complete 
| 250|0x0000000714400000, 0x0000000714500000, 0x0000000714500000|100%| E|CS|TAMS 0x0000000714400000, 0x0000000714400000| Complete 
| 251|0x0000000714500000, 0x0000000714600000, 0x0000000714600000|100%| E|CS|TAMS 0x0000000714500000, 0x0000000714500000| Complete 

Card table byte_map: [0x00000236bef60000,0x00000236bf740000] _byte_map_base: 0x00000236bb73b000

Marking Bits (Prev, Next): (CMBitMap*) 0x00000236a67e39d8, (CMBitMap*) 0x00000236a67e3a10
 Prev Bits: [0x00000236bff20000, 0x00000236c3df8000)
 Next Bits: [0x00000236c3e00000, 0x00000236c7cd8000)

Polling page: 0x00000236a4740000

Metaspace:

Usage:
  Non-class:      6.12 MB capacity,     6.03 MB ( 99%) used,    88.77 KB (  1%) free+waste,     4.56 KB ( <1%) overhead. 
      Class:    643.00 KB capacity,   587.45 KB ( 91%) used,    53.37 KB (  8%) free+waste,     2.19 KB ( <1%) overhead. 
       Both:      6.75 MB capacity,     6.61 MB ( 98%) used,   142.13 KB (  2%) free+waste,     6.75 KB ( <1%) overhead. 

Virtual space:
  Non-class space:        8.00 MB reserved,       6.25 MB ( 78%) committed 
      Class space:        1.00 GB reserved,     768.00 KB ( <1%) committed 
             Both:        1.01 GB reserved,       7.00 MB ( <1%) committed 

Chunk freelists:
   Non-Class:  1.00 KB
       Class:  29.00 KB
        Both:  30.00 KB

MaxMetaspaceSize: 17179869184.00 GB
CompressedClassSpaceSize: 1.00 GB
Initial GC threshold: 20.80 MB
Current GC threshold: 20.80 MB
CDS: off

CodeHeap 'non-profiled nmethods': size=119168Kb used=116Kb max_used=116Kb free=119051Kb
 bounds [0x00000236b6aa0000, 0x00000236b6d10000, 0x00000236bdf00000]
CodeHeap 'profiled nmethods': size=119168Kb used=404Kb max_used=404Kb free=118763Kb
 bounds [0x00000236af640000, 0x00000236af8b0000, 0x00000236b6aa0000]
CodeHeap 'non-nmethods': size=7424Kb used=2800Kb max_used=2815Kb free=4623Kb
 bounds [0x00000236aef00000, 0x00000236af1d0000, 0x00000236af640000]
 total_blobs=691 nmethods=345 adapters=256
 compilation: enabled
              stopped_count=0, restarted_count=0
 full_count=0

Compilation events (20 events):
Event: 0.469 Thread 0x00000236cb8fa800 nmethod 335 0x00000236af6a2e10 code [0x00000236af6a3020, 0x00000236af6a36c8]
Event: 0.469 Thread 0x00000236cb900800  336       1       java.net.URL::getPort (5 bytes)
Event: 0.469 Thread 0x00000236cb900800 nmethod 336 0x00000236b6abaf90 code [0x00000236b6abb140, 0x00000236b6abb1f8]
Event: 0.470 Thread 0x00000236cb77d800  337       1       java.nio.Buffer::position (5 bytes)
Event: 0.470 Thread 0x00000236cb77d800 nmethod 337 0x00000236b6abb290 code [0x00000236b6abb440, 0x00000236b6abb4f8]
Event: 0.470 Thread 0x00000236cb77d800  338       3       java.util.Collections$UnmodifiableCollection$1::next (10 bytes)
Event: 0.470 Thread 0x00000236cb758800  339       4       java.util.HashMap::putVal (300 bytes)
Event: 0.470 Thread 0x00000236cb902800  340       1       java.nio.Buffer::limit (5 bytes)
Event: 0.470 Thread 0x00000236cb8fa800  341       3       sun.nio.cs.SingleByte$Encoder::encode (32 bytes)
Event: 0.471 Thread 0x00000236cb77d800 nmethod 338 0x00000236af6a3a10 code [0x00000236af6a3bc0, 0x00000236af6a3d88]
Event: 0.471 Thread 0x00000236cb902800 nmethod 340 0x00000236b6abb590 code [0x00000236b6abb740, 0x00000236b6abb7f8]
Event: 0.471 Thread 0x00000236cb8fa800 nmethod 341 0x00000236af6a3e90 code [0x00000236af6a4040, 0x00000236af6a41f8]
Event: 0.471 Thread 0x00000236cb900800  342       3       java.nio.Buffer::position (52 bytes)
Event: 0.471 Thread 0x00000236cb902800  344       3       java.nio.ByteBuffer::arrayOffset (35 bytes)
Event: 0.471 Thread 0x00000236cb900800 nmethod 342 0x00000236af6a4310 code [0x00000236af6a44e0, 0x00000236af6a4748]
Event: 0.471 Thread 0x00000236cb902800 nmethod 344 0x00000236af6a4810 code [0x00000236af6a49e0, 0x00000236af6a4c58]
Event: 0.471 Thread 0x00000236cb927000  343       4       java.lang.AbstractStringBuilder::isLatin1 (19 bytes)
Event: 0.471 Thread 0x00000236cb900800  345       3       java.nio.CharBuffer::arrayOffset (35 bytes)
Event: 0.471 Thread 0x00000236cb900800 nmethod 345 0x00000236af6a4d90 code [0x00000236af6a4f60, 0x00000236af6a51d8]
Event: 0.471 Thread 0x00000236cb927000 nmethod 343 0x00000236b6abb890 code [0x00000236b6abba20, 0x00000236b6abba98]

GC Heap History (0 events):
No events

Deoptimization events (20 events):
Event: 0.358 Thread 0x00000236a677c800 DEOPT PACKING pc=0x00000236af68154b sp=0x000000f0006faca0
Event: 0.358 Thread 0x00000236a677c800 DEOPT UNPACKING pc=0x00000236aef49d0e sp=0x000000f0006fa170 mode 0
Event: 0.358 Thread 0x00000236a677c800 DEOPT PACKING pc=0x00000236af680e8e sp=0x000000f0006facd0
Event: 0.358 Thread 0x00000236a677c800 DEOPT UNPACKING pc=0x00000236aef49d0e sp=0x000000f0006fa170 mode 0
Event: 0.359 Thread 0x00000236a677c800 DEOPT PACKING pc=0x00000236af68154b sp=0x000000f0006faca0
Event: 0.359 Thread 0x00000236a677c800 DEOPT UNPACKING pc=0x00000236aef49d0e sp=0x000000f0006fa170 mode 0
Event: 0.359 Thread 0x00000236a677c800 DEOPT PACKING pc=0x00000236af680e8e sp=0x000000f0006facd0
Event: 0.359 Thread 0x00000236a677c800 DEOPT UNPACKING pc=0x00000236aef49d0e sp=0x000000f0006fa170 mode 0
Event: 0.359 Thread 0x00000236a677c800 DEOPT PACKING pc=0x00000236af68154b sp=0x000000f0006faca0
Event: 0.359 Thread 0x00000236a677c800 DEOPT UNPACKING pc=0x00000236aef49d0e sp=0x000000f0006fa170 mode 0
Event: 0.359 Thread 0x00000236a677c800 DEOPT PACKING pc=0x00000236af680e8e sp=0x000000f0006facd0
Event: 0.359 Thread 0x00000236a677c800 DEOPT UNPACKING pc=0x00000236aef49d0e sp=0x000000f0006fa170 mode 0
Event: 0.392 Thread 0x00000236a677c800 Uncommon trap: trap_request=0xffffffde fr.pc=0x00000236b6aae7f8 relative=0x0000000000000b78
Event: 0.392 Thread 0x00000236a677c800 Uncommon trap: reason=class_check action=maybe_recompile pc=0x00000236b6aae7f8 method=java.util.HashMap.putVal(ILjava/lang/Object;Ljava/lang/Object;ZZ)Ljava/lang/Object; @ 152 c2
Event: 0.392 Thread 0x00000236a677c800 DEOPT PACKING pc=0x00000236b6aae7f8 sp=0x000000f0006fad20
Event: 0.392 Thread 0x00000236a677c800 DEOPT UNPACKING pc=0x00000236aef085af sp=0x000000f0006faca0 mode 2
Event: 0.392 Thread 0x00000236a677c800 Uncommon trap: trap_request=0xffffffde fr.pc=0x00000236b6aae7f8 relative=0x0000000000000b78
Event: 0.392 Thread 0x00000236a677c800 Uncommon trap: reason=class_check action=maybe_recompile pc=0x00000236b6aae7f8 method=java.util.HashMap.putVal(ILjava/lang/Object;Ljava/lang/Object;ZZ)Ljava/lang/Object; @ 152 c2
Event: 0.392 Thread 0x00000236a677c800 DEOPT PACKING pc=0x00000236b6aae7f8 sp=0x000000f0006fad20
Event: 0.392 Thread 0x00000236a677c800 DEOPT UNPACKING pc=0x00000236aef085af sp=0x000000f0006faca0 mode 2

Classes redefined (0 events):
No events

Internal exceptions (2 events):
Event: 0.470 Thread 0x00000236a677c800 Exception <a 'java/io/FileNotFoundException'{0x0000000714120a38}> (0x0000000714120a38) thrown at [s\src\hotspot\share\prims\jni.cpp, line 617]
Event: 0.471 Thread 0x00000236a677c800 Exception <a 'java/lang/reflect/InvocationTargetException'{0x0000000714126cc8}> (0x0000000714126cc8) thrown at [s\src\hotspot\share\runtime\reflection.cpp, line 1245]

Events (20 events):
Event: 0.468 loading class org/jacoco/agent/rt/internal_3570298/Agent$2
Event: 0.468 loading class org/jacoco/agent/rt/internal_3570298/Agent$2 done
Event: 0.469 loading class java/lang/NoSuchFieldError
Event: 0.469 loading class java/lang/IncompatibleClassChangeError
Event: 0.469 loading class java/lang/IncompatibleClassChangeError done
Event: 0.469 loading class java/lang/NoSuchFieldError done
Event: 0.469 loading class org/jacoco/agent/rt/internal_3570298/output/FileOutput
Event: 0.469 loading class org/jacoco/agent/rt/internal_3570298/output/FileOutput done
Event: 0.470 loading class java/io/FileNotFoundException
Event: 0.470 loading class java/io/FileNotFoundException done
Event: 0.470 Executing VM operation: Deoptimize
Event: 0.470 Executing VM operation: Deoptimize done
Event: 0.470 loading class java/lang/Throwable$WrappedPrintStream
Event: 0.470 loading class java/lang/Throwable$PrintStreamOrWriter
Event: 0.470 loading class java/lang/Throwable$PrintStreamOrWriter done
Event: 0.470 loading class java/lang/Throwable$WrappedPrintStream done
Event: 0.470 loading class java/lang/StackTraceElement$HashedModules
Event: 0.470 loading class java/lang/StackTraceElement$HashedModules done
Event: 0.471 loading class java/lang/reflect/InvocationTargetException
Event: 0.471 loading class java/lang/reflect/InvocationTargetException done


Dynamic libraries:
0x00007ff602240000 - 0x00007ff60224e000 	C:\Program Files\Amazon Corretto\jdk11.0.22_7\bin\java.exe
0x00007ffa2ead0000 - 0x00007ffa2ece7000 	C:\WINDOWS\SYSTEM32\ntdll.dll
0x00007ff9d81d0000 - 0x00007ff9d81e9000 	C:\Program Files\Avast Software\Avast\aswhook.dll
0x00007ffa2d300000 - 0x00007ffa2d3c4000 	C:\WINDOWS\System32\KERNEL32.DLL
0x00007ffa2be90000 - 0x00007ffa2c236000 	C:\WINDOWS\System32\KERNELBASE.dll
0x00007ffa2c240000 - 0x00007ffa2c351000 	C:\WINDOWS\System32\ucrtbase.dll
0x00007ffa23d10000 - 0x00007ffa23d27000 	C:\Program Files\Amazon Corretto\jdk11.0.22_7\bin\jli.dll
0x00007ffa1d1d0000 - 0x00007ffa1d1eb000 	C:\Program Files\Amazon Corretto\jdk11.0.22_7\bin\VCRUNTIME140.dll
0x00007ffa2e600000 - 0x00007ffa2e7ae000 	C:\WINDOWS\System32\USER32.dll
0x00007ffa2c610000 - 0x00007ffa2c636000 	C:\WINDOWS\System32\win32u.dll
0x00007ffa1c670000 - 0x00007ffa1c903000 	C:\WINDOWS\WinSxS\amd64_microsoft.windows.common-controls_6595b64144ccf1df_6.0.22621.2506_none_270c5ae97388e100\COMCTL32.dll
0x00007ffa2ddb0000 - 0x00007ffa2ddd9000 	C:\WINDOWS\System32\GDI32.dll
0x00007ffa2c940000 - 0x00007ffa2c9e7000 	C:\WINDOWS\System32\msvcrt.dll
0x00007ffa2c360000 - 0x00007ffa2c478000 	C:\WINDOWS\System32\gdi32full.dll
0x00007ffa2c480000 - 0x00007ffa2c51a000 	C:\WINDOWS\System32\msvcp_win.dll
0x00007ffa2cf90000 - 0x00007ffa2cfc1000 	C:\WINDOWS\System32\IMM32.DLL
0x00007ffa288b0000 - 0x00007ffa288bc000 	C:\Program Files\Amazon Corretto\jdk11.0.22_7\bin\vcruntime140_1.dll
0x00007ffa19ac0000 - 0x00007ffa19b4d000 	C:\Program Files\Amazon Corretto\jdk11.0.22_7\bin\msvcp140.dll
0x00007ff994ef0000 - 0x00007ff995ab3000 	C:\Program Files\Amazon Corretto\jdk11.0.22_7\bin\server\jvm.dll
0x00007ffa2df20000 - 0x00007ffa2dfd3000 	C:\WINDOWS\System32\ADVAPI32.dll
0x00007ffa2e0d0000 - 0x00007ffa2e178000 	C:\WINDOWS\System32\sechost.dll
0x00007ffa2c520000 - 0x00007ffa2c548000 	C:\WINDOWS\System32\bcrypt.dll
0x00007ffa2c820000 - 0x00007ffa2c937000 	C:\WINDOWS\System32\RPCRT4.dll
0x00007ffa2e0c0000 - 0x00007ffa2e0c8000 	C:\WINDOWS\System32\PSAPI.DLL
0x00007ffa0ea30000 - 0x00007ffa0ea39000 	C:\WINDOWS\SYSTEM32\WSOCK32.dll
0x00007ffa1f360000 - 0x00007ffa1f36a000 	C:\WINDOWS\SYSTEM32\VERSION.dll
0x00007ffa23cb0000 - 0x00007ffa23ce4000 	C:\WINDOWS\SYSTEM32\WINMM.dll
0x00007ffa2cf10000 - 0x00007ffa2cf81000 	C:\WINDOWS\System32\WS2_32.dll
0x00007ffa2aea0000 - 0x00007ffa2aeb8000 	C:\WINDOWS\SYSTEM32\kernel.appcore.dll
0x00007ffa28090000 - 0x00007ffa280a0000 	C:\Program Files\Amazon Corretto\jdk11.0.22_7\bin\verify.dll
0x00007ffa29720000 - 0x00007ffa29953000 	C:\WINDOWS\SYSTEM32\DBGHELP.DLL
0x00007ffa2ca80000 - 0x00007ffa2ce09000 	C:\WINDOWS\System32\combase.dll
0x00007ffa2e9b0000 - 0x00007ffa2ea87000 	C:\WINDOWS\System32\OLEAUT32.dll
0x00007ffa1e260000 - 0x00007ffa1e292000 	C:\WINDOWS\SYSTEM32\dbgcore.DLL
0x00007ffa2be10000 - 0x00007ffa2be8a000 	C:\WINDOWS\System32\bcryptPrimitives.dll
0x00007ffa1d000000 - 0x00007ffa1d028000 	C:\Program Files\Amazon Corretto\jdk11.0.22_7\bin\java.dll
0x00007ffa254d0000 - 0x00007ffa254da000 	C:\Program Files\Amazon Corretto\jdk11.0.22_7\bin\jimage.dll
0x00007ffa24d20000 - 0x00007ffa24d2e000 	C:\Program Files\Amazon Corretto\jdk11.0.22_7\bin\instrument.dll
0x00007ffa1cfe0000 - 0x00007ffa1cff8000 	C:\Program Files\Amazon Corretto\jdk11.0.22_7\bin\zip.dll
0x00007ffa2d550000 - 0x00007ffa2ddab000 	C:\WINDOWS\System32\SHELL32.dll
0x00007ffa29d30000 - 0x00007ffa2a626000 	C:\WINDOWS\SYSTEM32\windows.storage.dll
0x00007ffa29bf0000 - 0x00007ffa29d2e000 	C:\WINDOWS\SYSTEM32\wintypes.dll
0x00007ffa2d450000 - 0x00007ffa2d543000 	C:\WINDOWS\System32\SHCORE.dll
0x00007ffa2e060000 - 0x00007ffa2e0be000 	C:\WINDOWS\System32\shlwapi.dll
0x00007ffa2bd40000 - 0x00007ffa2bd66000 	C:\WINDOWS\SYSTEM32\profapi.dll
0x00007ffa19b90000 - 0x00007ffa19ba9000 	C:\Program Files\Amazon Corretto\jdk11.0.22_7\bin\net.dll
0x00007ffa25350000 - 0x00007ffa25487000 	C:\WINDOWS\SYSTEM32\WINHTTP.dll
0x00007ffa2b370000 - 0x00007ffa2b3d9000 	C:\WINDOWS\system32\mswsock.dll
0x00007ffa19aa0000 - 0x00007ffa19ab2000 	C:\Program Files\Amazon Corretto\jdk11.0.22_7\bin\nio.dll
0x00007ffa11ec0000 - 0x00007ffa11ed7000 	C:\WINDOWS\system32\napinsp.dll
0x00007ffa13170000 - 0x00007ffa1318b000 	C:\WINDOWS\system32\pnrpnsp.dll
0x00007ffa2a970000 - 0x00007ffa2aa69000 	C:\WINDOWS\SYSTEM32\DNSAPI.dll
0x00007ffa2a940000 - 0x00007ffa2a96d000 	C:\WINDOWS\SYSTEM32\IPHLPAPI.DLL
0x00007ffa2e000000 - 0x00007ffa2e009000 	C:\WINDOWS\System32\NSI.dll
0x00007ffa13130000 - 0x00007ffa13141000 	C:\WINDOWS\System32\winrnr.dll
0x00007ffa24220000 - 0x00007ffa24235000 	C:\WINDOWS\system32\wshbth.dll
0x00007ffa13100000 - 0x00007ffa13121000 	C:\WINDOWS\system32\nlansp_c.dll
0x00007ffa255b0000 - 0x00007ffa255ba000 	C:\Windows\System32\rasadhlp.dll
0x00007ffa24110000 - 0x00007ffa24193000 	C:\WINDOWS\System32\fwpuclnt.dll

dbghelp: loaded successfully - version: 4.0.5 - missing functions: none
symbol engine: initialized successfully - sym options: 0x614 - pdb path: .;C:\Program Files\Amazon Corretto\jdk11.0.22_7\bin;C:\WINDOWS\SYSTEM32;C:\Program Files\Avast Software\Avast;C:\WINDOWS\WinSxS\amd64_microsoft.windows.common-controls_6595b64144ccf1df_6.0.22621.2506_none_270c5ae97388e100;C:\Program Files\Amazon Corretto\jdk11.0.22_7\bin\server

VM Arguments:
jvm_args: -javaagent:C:\\Users\\ой\\.m2\\repository\\org\\jacoco\\org.jacoco.agent\\0.8.7\\org.jacoco.agent-0.8.7-runtime.jar=destfile=C:\\Users\\ой\\IdeaProjects\\QA-java-diplom-1\\target\\jacoco.exec 
java_command: C:\Users\ой\AppData\Local\Temp\surefire6991083369459041502\surefirebooter-20240226223728389_3.jar C:\Users\ой\AppData\Local\Temp\surefire6991083369459041502 2024-02-26T22-37-27_888-jvmRun1 surefire-20240226223728389_1tmp surefire_0-20240226223728389_2tmp
java_class_path (initial): C:\Users\ой\AppData\Local\Temp\surefire6991083369459041502\surefirebooter-20240226223728389_3.jar
Launcher Type: SUN_STANDARD

[Global flags]
     intx CICompilerCount                          = 12                                        {product} {ergonomic}
     uint ConcGCThreads                            = 3                                         {product} {ergonomic}
     uint G1ConcRefinementThreads                  = 13                                        {product} {ergonomic}
   size_t G1HeapRegionSize                         = 1048576                                   {product} {ergonomic}
    uintx GCDrainStackTargetSize                   = 64                                        {product} {ergonomic}
   size_t InitialHeapSize                          = 264241152                                 {product} {ergonomic}
   size_t MarkStackSize                            = 4194304                                   {product} {ergonomic}
   size_t MaxHeapSize                              = 4217372672                                {product} {ergonomic}
   size_t MaxNewSize                               = 2530213888                                {product} {ergonomic}
   size_t MinHeapDeltaBytes                        = 1048576                                   {product} {ergonomic}
    uintx NonNMethodCodeHeapSize                   = 7594288                                {pd product} {ergonomic}
    uintx NonProfiledCodeHeapSize                  = 122031976                              {pd product} {ergonomic}
    uintx ProfiledCodeHeapSize                     = 122031976                              {pd product} {ergonomic}
    uintx ReservedCodeCacheSize                    = 251658240                              {pd product} {ergonomic}
     bool SegmentedCodeCache                       = true                                      {product} {ergonomic}
     bool UseCompressedClassPointers               = true                                 {lp64_product} {ergonomic}
     bool UseCompressedOops                        = true                                 {lp64_product} {ergonomic}
     bool UseG1GC                                  = true                                      {product} {ergonomic}
     bool UseLargePagesIndividualAllocation        = false                                  {pd product} {ergonomic}

Logging:
Log output configuration:
 #0: stdout all=warning uptime,level,tags
 #1: stderr all=off uptime,level,tags

Environment Variables:
JAVA_HOME=C:\Program Files\Amazon Corretto\jdk11.0.22_7
PATH=C:\Program Files\Common Files\Oracle\Java\javapath;C:\Program Files\Amazon Corretto\jdk11.0.22_7\bin;C:\Program Files (x86)\Common Files\Oracle\Java\javapath;C:\Windows\system32;C:\Windows;C:\Windows\System32\Wbem;C:\Windows\System32\WindowsPowerShell\v1.0\;C:\Windows\System32\OpenSSH\;C:\Program Files (x86)\NVIDIA Corporation\PhysX\Common;C:\Users\ой\PycharmProjects\test\cromedriver\chromedriver.exe;C:\ProgramData\chocolatey\bin;C:\Program Files\Memurai\;C:\Program Files\Redis\;C:\Program Files\NVIDIA Corporation\NVIDIA NvDLISR;C:\Program Files\Git\cmd;C:\Program Files\Git\mingw64\bin;C:\Program Files\Git\usr\bin;C:\WINDOWS\system32;C:\WINDOWS;C:\WINDOWS\System32\Wbem;C:\WINDOWS\System32\WindowsPowerShell\v1.0\;C:\WINDOWS\System32\OpenSSH\;C:\Program Files\dotnet\;C:\Program Files\Docker\Docker\resources\bin;C:\Windows\system32;C:\Windows;C:\Windows\System32\Wbem;C:\Windows\System32\WindowsPowerShell\v1.0\;C:\Windows\System32\OpenSSH\;C:\Program Files (x86)\NVIDIA Corporation\PhysX\Common;C:\Users\ой\PycharmProjects\test\cromedriver\chromedriver.exe;C:\ProgramData\chocolatey\bin;C:\Program Files\Memurai\;C:\Program Files\Redis\;C:\Program Files\NVIDIA Corporation\NVIDIA NvDLISR;C:\Program Files\Git\cmd;C:\Program Files\Git\mingw64\bin;C:\Program Files\Git\usr\bin;C:\Program Files\Git\usr\;C:\Users\ой\AppData\Local\Microsoft\WindowsApps;C:\Program Files\apache-maven-3.9.4\bin;C:\Program Files\allure-2.27.0\bin;C:\Program Files\Amazon Corretto\jdk17;C:\Program Files\Amazon Corretto\jdk11.0.22_7\bin;C:\Program Files\Amazon Corretto\jdk11.0.22_7;
USERNAME=ой
OS=Windows_NT
PROCESSOR_IDENTIFIER=Intel64 Family 6 Model 141 Stepping 1, GenuineIntel
TMP=C:\Users\90C5~1\AppData\Local\Temp
TEMP=C:\Users\90C5~1\AppData\Local\Temp



---------------  S Y S T E M  ---------------

OS: Windows 11 , 64 bit Build 22621 (10.0.22621.3085)
OS uptime: 8 days 21:13 hours
Hyper-V role detected

CPU:total 16 (initial active 16) (8 cores per cpu, 2 threads per core) family 6 model 141 stepping 1 microcode 0x26, cmov, cx8, fxsr, mmx, sse, sse2, sse3, ssse3, sse4.1, sse4.2, popcnt, avx, avx2, aes, clmul, erms, 3dnowpref, lzcnt, ht, tsc, tscinvbit, bmi1, bmi2, adx, evex, sha, fma

Memory: 4k page, system-wide physical 16085M (5288M free)
TotalPageFile size 25301M (AvailPageFile size 7247M)
current process WorkingSet (physical memory assigned to process): 48M, peak: 49M
current process commit charge ("private bytes"): 351M, peak: 351M

vm_info: OpenJDK 64-Bit Server VM (11.0.22+7-LTS) for windows-amd64 JRE (11.0.22+7-LTS), built on Jan 10 2024 19:54:00 by "Administrator" with MS VC++ 16.10 / 16.11 (VS2019)

END.
